# JRE version: OpenJDK Runtime Environment (8.0_152-b01) (build 1.8.0_152-release-915-b01)
# Java VM: OpenJDK 64-Bit Server VM (25.152-b01 mixed mode windows-amd64 compressed oops)
Heap:
 PSYoungGen      total 427520K, used 400280K [0x00000000e0000000, 0x0000000100000000, 0x0000000100000000)
  eden space 344064K, 100% used [0x00000000e0000000,0x00000000f5000000,0x00000000f5000000)
  from space 83456K, 67% used [0x00000000fa900000,0x00000000fdfe6398,0x00000000ffa80000)
  to   space 90112K, 47% used [0x00000000f5000000,0x00000000f79abc60,0x00000000fa800000)
 ParOldGen       total 488448K, used 428504K [0x00000000a0000000, 0x00000000bdd00000, 0x00000000e0000000)
  object space 488448K, 87% used [0x00000000a0000000,0x00000000ba2783e8,0x00000000bdd00000)
 Metaspace       used 97707K, capacity 104830K, committed 106752K, reserved 1142784K
  class space    used 11954K, capacity 13677K, committed 14080K, reserved 1048576K
GC Heap History (10 events):
Event: 5718.468 GC heap after
Heap after GC invocations=88 (full 8):
 PSYoungGen      total 437248K, used 49392K [0x00000000e0000000, 0x0000000100000000, 0x0000000100000000)
  eden space 358400K, 0% used [0x00000000e0000000,0x00000000e0000000,0x00000000f5e00000)
  from space 78848K, 62% used [0x00000000fb300000,0x00000000fe33c118,0x0000000100000000)
  to   space 82944K, 0% used [0x00000000f5e00000,0x00000000f5e00000,0x00000000faf00000)
 ParOldGen       total 488448K, used 291138K [0x00000000a0000000, 0x00000000bdd00000, 0x00000000e0000000)
  object space 488448K, 59% used [0x00000000a0000000,0x00000000b1c50bf0,0x00000000bdd00000)
 Metaspace       used 96585K, capacity 103446K, committed 106240K, reserved 1140736K
  class space    used 11836K, capacity 13479K, committed 14080K, reserved 1048576K
}
Event: 5719.147 GC heap before
{Heap before GC invocations=89 (full 8):
 PSYoungGen      total 437248K, used 407792K [0x00000000e0000000, 0x0000000100000000, 0x0000000100000000)
  eden space 358400K, 100% used [0x00000000e0000000,0x00000000f5e00000,0x00000000f5e00000)
  from space 78848K, 62% used [0x00000000fb300000,0x00000000fe33c118,0x0000000100000000)
  to   space 82944K, 0% used [0x00000000f5e00000,0x00000000f5e00000,0x00000000faf00000)
 ParOldGen       total 488448K, used 292535K [0x00000000a0000000, 0x00000000bdd00000, 0x00000000e0000000)
  object space 488448K, 59% used [0x00000000a0000000,0x00000000b1dadc98,0x00000000bdd00000)
 Metaspace       used 96589K, capacity 103446K, committed 106240K, reserved 1140736K
  class space    used 11836K, capacity 13479K, committed 14080K, reserved 1048576K
Event: 5719.162 GC heap after
Heap after GC invocations=89 (full 8):
 PSYoungGen      total 410112K, used 51455K [0x00000000e0000000, 0x0000000100000000, 0x0000000100000000)
  eden space 358400K, 0% used [0x00000000e0000000,0x00000000e0000000,0x00000000f5e00000)
  from space 51712K, 99% used [0x00000000f5e00000,0x00000000f903feb0,0x00000000f9080000)
  to   space 87040K, 0% used [0x00000000fab00000,0x00000000fab00000,0x0000000100000000)
 ParOldGen       total 488448K, used 338441K [0x00000000a0000000, 0x00000000bdd00000, 0x00000000e0000000)
  object space 488448K, 69% used [0x00000000a0000000,0x00000000b4a82568,0x00000000bdd00000)
 Metaspace       used 96589K, capacity 103446K, committed 106240K, reserved 1140736K
  class space    used 11836K, capacity 13479K, committed 14080K, reserved 1048576K
}
Event: 5719.356 GC heap before
{Heap before GC invocations=90 (full 8):
 PSYoungGen      total 410112K, used 409082K [0x00000000e0000000, 0x0000000100000000, 0x0000000100000000)
  eden space 358400K, 99% used [0x00000000e0000000,0x00000000f5d3ea58,0x00000000f5e00000)
  from space 51712K, 99% used [0x00000000f5e00000,0x00000000f903feb0,0x00000000f9080000)
  to   space 87040K, 0% used [0x00000000fab00000,0x00000000fab00000,0x0000000100000000)
 ParOldGen       total 488448K, used 338441K [0x00000000a0000000, 0x00000000bdd00000, 0x00000000e0000000)
  object space 488448K, 69% used [0x00000000a0000000,0x00000000b4a82568,0x00000000bdd00000)
 Metaspace       used 96595K, capacity 103452K, committed 106240K, reserved 1140736K
  class space    used 11837K, capacity 13480K, committed 14080K, reserved 1048576K
Event: 5719.365 GC heap after
Heap after GC invocations=90 (full 8):
 PSYoungGen      total 438784K, used 3216K [0x00000000e0000000, 0x0000000100000000, 0x0000000100000000)
  eden space 351744K, 0% used [0x00000000e0000000,0x00000000e0000000,0x00000000f5780000)
  from space 87040K, 3% used [0x00000000fab00000,0x00000000fae24058,0x0000000100000000)
  to   space 85504K, 0% used [0x00000000f5780000,0x00000000f5780000,0x00000000fab00000)
 ParOldGen       total 488448K, used 386278K [0x00000000a0000000, 0x00000000bdd00000, 0x00000000e0000000)
  object space 488448K, 79% used [0x00000000a0000000,0x00000000b79398d0,0x00000000bdd00000)
 Metaspace       used 96595K, capacity 103452K, committed 106240K, reserved 1140736K
  class space    used 11837K, capacity 13480K, committed 14080K, reserved 1048576K
}
Event: 5719.921 GC heap before
{Heap before GC invocations=91 (full 8):
 PSYoungGen      total 438784K, used 354960K [0x00000000e0000000, 0x0000000100000000, 0x0000000100000000)
  eden space 351744K, 100% used [0x00000000e0000000,0x00000000f5780000,0x00000000f5780000)
  from space 87040K, 3% used [0x00000000fab00000,0x00000000fae24058,0x0000000100000000)
  to   space 85504K, 0% used [0x00000000f5780000,0x00000000f5780000,0x00000000fab00000)
 ParOldGen       total 488448K, used 386278K [0x00000000a0000000, 0x00000000bdd00000, 0x00000000e0000000)
  object space 488448K, 79% used [0x00000000a0000000,0x00000000b79398d0,0x00000000bdd00000)
 Metaspace       used 96595K, capacity 103452K, committed 106240K, reserved 1140736K
  class space    used 11837K, capacity 13480K, committed 14080K, reserved 1048576K
Event: 5719.926 GC heap after
Heap after GC invocations=91 (full 8):
 PSYoungGen      total 352256K, used 275K [0x00000000e0000000, 0x00000000ffa80000, 0x0000000100000000)
  eden space 351744K, 0% used [0x00000000e0000000,0x00000000e0000000,0x00000000f5780000)
  from space 512K, 53% used [0x00000000f5780000,0x00000000f57c4ec0,0x00000000f5800000)
  to   space 83456K, 0% used [0x00000000fa900000,0x00000000fa900000,0x00000000ffa80000)
 ParOldGen       total 488448K, used 386774K [0x00000000a0000000, 0x00000000bdd00000, 0x00000000e0000000)
  object space 488448K, 79% used [0x00000000a0000000,0x00000000b79b5ba0,0x00000000bdd00000)
 Metaspace       used 96595K, capacity 103452K, committed 106240K, reserved 1140736K
  class space    used 11837K, capacity 13480K, committed 14080K, reserved 1048576K
}
Event: 6566.247 GC heap before
{Heap before GC invocations=92 (full 8):
 PSYoungGen      total 352256K, used 352019K [0x00000000e0000000, 0x00000000ffa80000, 0x0000000100000000)
  eden space 351744K, 100% used [0x00000000e0000000,0x00000000f5780000,0x00000000f5780000)
  from space 512K, 53% used [0x00000000f5780000,0x00000000f57c4ec0,0x00000000f5800000)
  to   space 83456K, 0% used [0x00000000fa900000,0x00000000fa900000,0x00000000ffa80000)
 ParOldGen       total 488448K, used 386774K [0x00000000a0000000, 0x00000000bdd00000, 0x00000000e0000000)
  object space 488448K, 79% used [0x00000000a0000000,0x00000000b79b5ba0,0x00000000bdd00000)
 Metaspace       used 97227K, capacity 104332K, committed 106240K, reserved 1140736K
  class space    used 11917K, capacity 13642K, committed 14080K, reserved 1048576K
Event: 6566.332 GC heap after
Heap after GC invocations=92 (full 8):
 PSYoungGen      total 427520K, used 56216K [0x00000000e0000000, 0x0000000100000000, 0x0000000100000000)
  eden space 344064K, 0% used [0x00000000e0000000,0x00000000e0000000,0x00000000f5000000)
  from space 83456K, 67% used [0x00000000fa900000,0x00000000fdfe6398,0x00000000ffa80000)
  to   space 90112K, 0% used [0x00000000f5000000,0x00000000f5000000,0x00000000fa800000)
 ParOldGen       total 488448K, used 386798K [0x00000000a0000000, 0x00000000bdd00000, 0x00000000e0000000)
  object space 488448K, 79% used [0x00000000a0000000,0x00000000b79bbba0,0x00000000bdd00000)
 Metaspace       used 97227K, capacity 104332K, committed 106240K, reserved 1140736K
  class space    used 11917K, capacity 13642K, committed 14080K, reserved 1048576K
}
Event: 6569.152 GC heap before
{Heap before GC invocations=93 (full 8):
 PSYoungGen      total 427520K, used 400280K [0x00000000e0000000, 0x0000000100000000, 0x0000000100000000)
  eden space 344064K, 100% used [0x00000000e0000000,0x00000000f5000000,0x00000000f5000000)
  from space 83456K, 67% used [0x00000000fa900000,0x00000000fdfe6398,0x00000000ffa80000)
  to   space 90112K, 0% used [0x00000000f5000000,0x00000000f5000000,0x00000000fa800000)
 ParOldGen       total 488448K, used 386798K [0x00000000a0000000, 0x00000000bdd00000, 0x00000000e0000000)
  object space 488448K, 79% used [0x00000000a0000000,0x00000000b79bbba0,0x00000000bdd00000)
 Metaspace       used 97707K, capacity 104830K, committed 106752K, reserved 1142784K
  class space    used 11954K, capacity 13677K, committed 14080K, reserved 1048576K

